<?xml version="1.0" encoding="UTF-8"?>
<!-- Generated by org.testng.reporters.JUnitReportReporter -->
<testsuite hostname="IN3230269W1" failures="0" tests="1" name="com.salesforce.testcases.TC002_CreateEvent" time="173.913" errors="0" timestamp="2022-05-20T18:01:03 IST" skipped="0">
  <testcase classname="com.salesforce.testcases.TC002_CreateEvent" name="runLogin" time="173.913"/>
  <system-out/>
</testsuite> <!-- com.salesforce.testcases.TC002_CreateEvent -->
